<?xml version="1.0" encoding="UTF-8"?>
<!-- Generated by org.testng.reporters.JUnitReportReporter -->
<testsuite skipped="0" hostname="user-PC" name="com.poc.modules.LoginPage" tests="1" failures="0" timestamp="04 Apr 2019 12:05:48 GMT" time="1.195" errors="0">
  <testcase name="login" time="1.195" classname="com.poc.modules.LoginPage"/>
</testsuite> <!-- com.poc.modules.LoginPage -->
